{"contracts\\MyContracts.sol":{"l":{"15":6,"21":1,"29":2},"path":"D:\\Crypto\\smartcontractz\\smartcontractz\\contracts\\MyContracts.sol","s":{"1":6,"2":1,"3":2},"b":{},"f":{"1":6,"2":1,"3":2},"fnMap":{"1":{"name":"constructor","line":14,"loc":{"start":{"line":14,"column":4},"end":{"line":16,"column":4}}},"2":{"name":"changeName","line":18,"loc":{"start":{"line":18,"column":4},"end":{"line":22,"column":4}}},"3":{"name":"getName","line":24,"loc":{"start":{"line":24,"column":4},"end":{"line":31,"column":4}}}},"statementMap":{"1":{"start":{"line":15,"column":8},"end":{"line":15,"column":19}},"2":{"start":{"line":21,"column":8},"end":{"line":21,"column":19}},"3":{"start":{"line":29,"column":8},"end":{"line":29,"column":19}}},"branchMap":{}}}